{
"contracts\\Raffle.sol":{"l":{"73":3,"74":3,"75":3,"77":3,"78":3,"79":3,"80":3,"81":3,"89":2,"90":0,"92":2,"93":1,"95":1,"96":1,"116":1,"118":1,"119":1,"120":1,"121":1,"125":1,"126":1,"127":0,"135":1,"136":1,"144":1,"157":0,"158":0,"159":0,"161":0,"163":0,"164":0,"165":0,"166":0,"167":0,"169":0,"178":1,"186":0,"193":0,"200":0,"207":0,"214":0,"221":0,"228":0,"235":1},"path":"C:\\Users\\herej\\OneDrive\\Desktop\\Web3\\HardhatRaffleDapp\\contracts\\Raffle.sol","s":{"1":2,"2":2,"3":1,"4":1,"5":1,"6":1,"7":1,"8":1,"9":1,"10":1,"11":1,"12":1,"13":0,"14":0,"15":0,"16":0,"17":0,"18":1,"19":0,"20":0,"21":0,"22":0,"23":0,"24":0,"25":0,"26":1},"b":{"1":[0,2],"2":[1,1],"3":[0,1],"4":[0,0]},"f":{"1":3,"2":2,"3":1,"4":1,"5":0,"6":1,"7":0,"8":0,"9":0,"10":0,"11":0,"12":0,"13":0,"14":1},"fnMap":{"1":{"name":"constructor","line":72,"loc":{"start":{"line":65,"column":1},"end":{"line":82,"column":1}}},"2":{"name":"joinRaffle","line":88,"loc":{"start":{"line":88,"column":1},"end":{"line":97,"column":1}}},"3":{"name":"checkUpkeep","line":109,"loc":{"start":{"line":109,"column":1},"end":{"line":122,"column":1}}},"4":{"name":"performUpkeep","line":124,"loc":{"start":{"line":124,"column":1},"end":{"line":146,"column":1}}},"5":{"name":"fulfillRandomWords","line":152,"loc":{"start":{"line":152,"column":1},"end":{"line":170,"column":1}}},"6":{"name":"getEnlistmentFeeAmount","line":177,"loc":{"start":{"line":177,"column":1},"end":{"line":179,"column":1}}},"7":{"name":"getPlayer","line":185,"loc":{"start":{"line":185,"column":1},"end":{"line":187,"column":1}}},"8":{"name":"getRecentWinner","line":192,"loc":{"start":{"line":192,"column":1},"end":{"line":194,"column":1}}},"9":{"name":"getRaffleState","line":199,"loc":{"start":{"line":199,"column":1},"end":{"line":201,"column":1}}},"10":{"name":"getNumWords","line":206,"loc":{"start":{"line":206,"column":1},"end":{"line":208,"column":1}}},"11":{"name":"getNumberOfPlayers","line":213,"loc":{"start":{"line":213,"column":1},"end":{"line":215,"column":1}}},"12":{"name":"getTimeStamp","line":220,"loc":{"start":{"line":220,"column":1},"end":{"line":222,"column":1}}},"13":{"name":"getRequestConfirmations","line":227,"loc":{"start":{"line":227,"column":1},"end":{"line":229,"column":1}}},"14":{"name":"getInterval","line":234,"loc":{"start":{"line":234,"column":1},"end":{"line":236,"column":1}}}},"statementMap":{"1":{"start":{"line":89,"column":2},"end":{"line":89,"column":3445}},"2":{"start":{"line":92,"column":2},"end":{"line":92,"column":3532}},"3":{"start":{"line":95,"column":2},"end":{"line":95,"column":36}},"4":{"start":{"line":96,"column":2},"end":{"line":96,"column":31}},"5":{"start":{"line":116,"column":2},"end":{"line":116,"column":51}},"6":{"start":{"line":118,"column":2},"end":{"line":118,"column":70}},"7":{"start":{"line":119,"column":2},"end":{"line":119,"column":42}},"8":{"start":{"line":120,"column":2},"end":{"line":120,"column":45}},"9":{"start":{"line":125,"column":2},"end":{"line":125,"column":41}},"10":{"start":{"line":126,"column":2},"end":{"line":126,"column":4969}},"11":{"start":{"line":136,"column":2},"end":{"line":136,"column":5322}},"12":{"start":{"line":144,"column":2},"end":{"line":144,"column":39}},"13":{"start":{"line":157,"column":2},"end":{"line":157,"column":57}},"14":{"start":{"line":158,"column":2},"end":{"line":158,"column":55}},"15":{"start":{"line":165,"column":2},"end":{"line":165,"column":72}},"16":{"start":{"line":166,"column":2},"end":{"line":166,"column":6494}},"17":{"start":{"line":169,"column":2},"end":{"line":169,"column":33}},"18":{"start":{"line":178,"column":2},"end":{"line":178,"column":24}},"19":{"start":{"line":186,"column":2},"end":{"line":186,"column":25}},"20":{"start":{"line":193,"column":2},"end":{"line":193,"column":23}},"21":{"start":{"line":200,"column":2},"end":{"line":200,"column":22}},"22":{"start":{"line":207,"column":2},"end":{"line":207,"column":18}},"23":{"start":{"line":214,"column":2},"end":{"line":214,"column":25}},"24":{"start":{"line":221,"column":2},"end":{"line":221,"column":24}},"25":{"start":{"line":228,"column":2},"end":{"line":228,"column":30}},"26":{"start":{"line":235,"column":2},"end":{"line":235,"column":19}}},"branchMap":{"1":{"line":89,"type":"if","locations":[{"start":{"line":89,"column":2},"end":{"line":89,"column":2}},{"start":{"line":89,"column":2},"end":{"line":89,"column":2}}]},"2":{"line":92,"type":"if","locations":[{"start":{"line":92,"column":2},"end":{"line":92,"column":2}},{"start":{"line":92,"column":2},"end":{"line":92,"column":2}}]},"3":{"line":126,"type":"if","locations":[{"start":{"line":126,"column":2},"end":{"line":126,"column":2}},{"start":{"line":126,"column":2},"end":{"line":126,"column":2}}]},"4":{"line":166,"type":"if","locations":[{"start":{"line":166,"column":2},"end":{"line":166,"column":2}},{"start":{"line":166,"column":2},"end":{"line":166,"column":2}}]}}},
"contracts\\test\\VRFCoordinatorV2Mock.sol":{"l":{},"path":"C:\\Users\\herej\\OneDrive\\Desktop\\Web3\\HardhatRaffleDapp\\contracts\\test\\VRFCoordinatorV2Mock.sol","s":{},"b":{},"f":{},"fnMap":{},"statementMap":{},"branchMap":{}}}
