TN:
SF:C:\Users\herej\OneDrive\Desktop\Web3\HardhatRaffleDapp\contracts\Raffle.sol
FN:72,constructor
FN:88,joinRaffle
FN:109,checkUpkeep
FN:124,performUpkeep
FN:152,fulfillRandomWords
FN:177,getEnlistmentFeeAmount
FN:185,getPlayer
FN:192,getRecentWinner
FN:199,getRaffleState
FN:206,getNumWords
FN:213,getNumberOfPlayers
FN:220,getTimeStamp
FN:227,getRequestConfirmations
FN:234,getInterval
FNF:14
FNH:6
FNDA:3,constructor
FNDA:2,joinRaffle
FNDA:1,checkUpkeep
FNDA:1,performUpkeep
FNDA:0,fulfillRandomWords
FNDA:1,getEnlistmentFeeAmount
FNDA:0,getPlayer
FNDA:0,getRecentWinner
FNDA:0,getRaffleState
FNDA:0,getNumWords
FNDA:0,getNumberOfPlayers
FNDA:0,getTimeStamp
FNDA:0,getRequestConfirmations
FNDA:1,getInterval
DA:73,3
DA:74,3
DA:75,3
DA:77,3
DA:78,3
DA:79,3
DA:80,3
DA:81,3
DA:89,2
DA:90,0
DA:92,2
DA:93,1
DA:95,1
DA:96,1
DA:116,1
DA:118,1
DA:119,1
DA:120,1
DA:121,1
DA:125,1
DA:126,1
DA:127,0
DA:135,1
DA:136,1
DA:144,1
DA:157,0
DA:158,0
DA:159,0
DA:161,0
DA:163,0
DA:164,0
DA:165,0
DA:166,0
DA:167,0
DA:169,0
DA:178,1
DA:186,0
DA:193,0
DA:200,0
DA:207,0
DA:214,0
DA:221,0
DA:228,0
DA:235,1
LF:44
LH:25
BRDA:89,1,0,0
BRDA:89,1,1,2
BRDA:92,2,0,1
BRDA:92,2,1,1
BRDA:126,3,0,0
BRDA:126,3,1,1
BRDA:166,4,0,0
BRDA:166,4,1,0
BRF:8
BRH:4
end_of_record
TN:
SF:C:\Users\herej\OneDrive\Desktop\Web3\HardhatRaffleDapp\contracts\test\VRFCoordinatorV2Mock.sol
FNF:0
FNH:0
LF:0
LH:0
BRF:0
BRH:0
end_of_record
